<?xml version="1.0"?>
<PropertyList>
  
  <path>../Models/test_push.ac</path>

 
<effect>
    <inherits-from>Aircraft/Concorde/Models/Effects/interior</inherits-from>
    
    <object-name>Test</object-name>
</effect>



  
  
  
  
  
  
  
  
  
  
  
  
   <animation>
  <type>pick</type>
  <object-name>Test</object-name>
  <action>
   <button>0</button>
   <binding>
    <command>property-assign</command>
    <property>/controls/doors/push</property>
    <value>1</value>
    <repeatable>false</repeatable>
   </binding>
   <mod-up>
    <binding>
     <command>property-assign</command>
     <property>/controls/doors/push</property>
     <value>0</value>
    </binding>
    <binding>
     <command>property-toggle</command>
     <property>/instrumentation/generic/click</property>
    </binding>
   </mod-up>
  </action>
 </animation>
 
 <animation>
  <type>translate</type>
  <object-name>Test</object-name>
  <property>/controls/doors/push</property>
  <interpolation>
   <entry>
    <ind>0.0</ind>
    <dep>0</dep>
   </entry>
   <entry>
    <ind>1.0</ind>
    <dep>-0.001</dep>
   </entry>
  </interpolation>
  <center>
   <x-m>0.0</x-m>
   <y-m>0.0</y-m>
   <z-m>0.0</z-m>
  </center>
  <axis>
   <x>1</x>
   <y>0</y>
   <z>0</z>
  </axis>
 </animation>
  
  
 
  
  <animation>
    <type>material</type>
    <object-name>Test</object-name>
  <emission>
     <red>0.2</red>
     <green>0.2</green>
     <blue>0.2</blue>
  </emission>
</animation>

</PropertyList>
